[debug] [2018-04-11T01:06:25.681Z] ----------------------------------------------------------------------
[debug] [2018-04-11T01:06:25.696Z] Command:       C:\Program Files\nodejs\node.exe C:\Users\ewhee\AppData\Roaming\npm\node_modules\firebase-tools\bin\firebase serve
[debug] [2018-04-11T01:06:25.696Z] CLI Version:   3.18.2
[debug] [2018-04-11T01:06:25.696Z] Platform:      win32
[debug] [2018-04-11T01:06:25.696Z] Node Version:  v8.9.3
[debug] [2018-04-11T01:06:25.696Z] Time:          Tue Apr 10 2018 19:06:25 GMT-0600 (Mountain Daylight Time)
[debug] [2018-04-11T01:06:25.696Z] ----------------------------------------------------------------------
[debug] 
[debug] [2018-04-11T01:06:25.696Z] > command requires scopes: ["email","openid","https://www.googleapis.com/auth/cloudplatformprojects.readonly","https://www.googleapis.com/auth/firebase","https://www.googleapis.com/auth/cloud-platform"]
[debug] [2018-04-11T01:06:25.696Z] > authorizing via signed-in user
[debug] [2018-04-11T01:06:25.712Z] >>> HTTP REQUEST GET https://admin.firebase.com/v1/projects/etherwatch-1659d  
  
 Tue Apr 10 2018 19:06:25 GMT-0600 (Mountain Daylight Time)
[debug] [2018-04-11T01:06:26.092Z] <<< HTTP RESPONSE 200
[debug] [2018-04-11T01:06:26.092Z] >>> HTTP REQUEST GET https://admin.firebase.com/v1/database/etherwatch-1659d/tokens  
  
 Tue Apr 10 2018 19:06:26 GMT-0600 (Mountain Daylight Time)
[debug] [2018-04-11T01:06:26.573Z] <<< HTTP RESPONSE 200
[debug] [2018-04-11T01:06:26.574Z] >>> HTTP REQUEST GET https://cloudresourcemanager.googleapis.com/v1/projects/etherwatch-1659d  
  
 Tue Apr 10 2018 19:06:26 GMT-0600 (Mountain Daylight Time)
[debug] [2018-04-11T01:06:27.038Z] <<< HTTP RESPONSE 200
[info] 
[info] === Serving from 'C:\Users\ewhee\Documents\GitHub\personal_projects\etherwatch'...
[info] 
[debug] [2018-04-11T01:06:27.047Z] >>> HTTP REQUEST GET https://mobilesdk-pa.googleapis.com/v1/projects/595784562003/clients/_:getWebAppConfig  
  
 Tue Apr 10 2018 19:06:27 GMT-0600 (Mountain Daylight Time)
[debug] [2018-04-11T01:06:27.477Z] <<< HTTP RESPONSE 200
[info] i  hosting: Serving hosting files from: public
[info] +  hosting: Local server: http://localhost:5000

[info] Shutting down...
[debug] [2018-04-12T23:06:04.863Z] ----------------------------------------------------------------------
[debug] [2018-04-12T23:06:04.865Z] Command:       C:\Program Files\nodejs\node.exe C:\Users\ewhee\AppData\Roaming\npm\node_modules\firebase-tools\bin\firebase serve
[debug] [2018-04-12T23:06:04.865Z] CLI Version:   3.18.2
[debug] [2018-04-12T23:06:04.865Z] Platform:      win32
[debug] [2018-04-12T23:06:04.865Z] Node Version:  v8.9.3
[debug] [2018-04-12T23:06:04.866Z] Time:          Thu Apr 12 2018 17:06:04 GMT-0600 (Mountain Daylight Time)
[debug] [2018-04-12T23:06:04.866Z] ----------------------------------------------------------------------
[debug] 
[debug] [2018-04-12T23:06:04.882Z] > command requires scopes: ["email","openid","https://www.googleapis.com/auth/cloudplatformprojects.readonly","https://www.googleapis.com/auth/firebase","https://www.googleapis.com/auth/cloud-platform"]
[debug] [2018-04-12T23:06:04.883Z] > authorizing via signed-in user
[debug] [2018-04-12T23:06:04.885Z] >>> HTTP REQUEST GET https://admin.firebase.com/v1/projects/etherwatch-1659d  
  
 Thu Apr 12 2018 17:06:04 GMT-0600 (Mountain Daylight Time)
[debug] [2018-04-12T23:06:05.373Z] <<< HTTP RESPONSE 200
[debug] [2018-04-12T23:06:05.376Z] >>> HTTP REQUEST GET https://admin.firebase.com/v1/database/etherwatch-1659d/tokens  
  
 Thu Apr 12 2018 17:06:05 GMT-0600 (Mountain Daylight Time)
[debug] [2018-04-12T23:06:05.704Z] <<< HTTP RESPONSE 200
[debug] [2018-04-12T23:06:05.706Z] >>> HTTP REQUEST GET https://cloudresourcemanager.googleapis.com/v1/projects/etherwatch-1659d  
  
 Thu Apr 12 2018 17:06:05 GMT-0600 (Mountain Daylight Time)
[debug] [2018-04-12T23:06:06.146Z] <<< HTTP RESPONSE 200
[info] 
[info] === Serving from 'C:\Users\ewhee\Documents\GitHub\personal_projects\etherwatch'...
[info] 
[debug] [2018-04-12T23:06:06.153Z] >>> HTTP REQUEST GET https://mobilesdk-pa.googleapis.com/v1/projects/595784562003/clients/_:getWebAppConfig  
  
 Thu Apr 12 2018 17:06:06 GMT-0600 (Mountain Daylight Time)
[debug] [2018-04-12T23:06:06.537Z] <<< HTTP RESPONSE 200
[info] i  hosting: Serving hosting files from: public
[info] +  hosting: Local server: http://localhost:5000

[info] Shutting down...
[debug] [2018-04-12T23:44:31.250Z] ----------------------------------------------------------------------
[debug] [2018-04-12T23:44:31.250Z] Command:       C:\Program Files\nodejs\node.exe C:\Users\ewhee\AppData\Roaming\npm\node_modules\firebase-tools\bin\firebase serve
[debug] [2018-04-12T23:44:31.250Z] CLI Version:   3.18.2
[debug] [2018-04-12T23:44:31.250Z] Platform:      win32
[debug] [2018-04-12T23:44:31.250Z] Node Version:  v8.9.3
[debug] [2018-04-12T23:44:31.250Z] Time:          Thu Apr 12 2018 17:44:31 GMT-0600 (Mountain Daylight Time)
[debug] [2018-04-12T23:44:31.250Z] ----------------------------------------------------------------------
[debug] 
[debug] [2018-04-12T23:44:31.266Z] > command requires scopes: ["email","openid","https://www.googleapis.com/auth/cloudplatformprojects.readonly","https://www.googleapis.com/auth/firebase","https://www.googleapis.com/auth/cloud-platform"]
[debug] [2018-04-12T23:44:31.266Z] > authorizing via signed-in user
[debug] [2018-04-12T23:44:31.266Z] > refreshing access token with scopes: ["email","https://www.googleapis.com/auth/cloud-platform","https://www.googleapis.com/auth/cloudplatformprojects.readonly","https://www.googleapis.com/auth/firebase","openid"]
[debug] [2018-04-12T23:44:31.266Z] >>> HTTP REQUEST POST https://www.googleapis.com/oauth2/v3/token  
 { refresh_token: '1/FvPfhERZbTrZbaQG99P2riPhXbEZMkiFHhopbzCo4qXW3qfb3LlcghrcBX2gshby',
  client_id: '563584335869-fgrhgmd47bqnekij5i8b5pr03ho849e6.apps.googleusercontent.com',
  client_secret: 'j9iVZfS8kkCEFUPaAeJV0sAi',
  grant_type: 'refresh_token',
  scope: 'email https://www.googleapis.com/auth/cloud-platform https://www.googleapis.com/auth/cloudplatformprojects.readonly https://www.googleapis.com/auth/firebase openid' } 
 Thu Apr 12 2018 17:44:31 GMT-0600 (Mountain Daylight Time)
[debug] [2018-04-12T23:44:31.491Z] <<< HTTP RESPONSE 200
[debug] [2018-04-12T23:44:31.538Z] >>> HTTP REQUEST GET https://admin.firebase.com/v1/projects/etherwatch-1659d  
  
 Thu Apr 12 2018 17:44:31 GMT-0600 (Mountain Daylight Time)
[debug] [2018-04-12T23:44:32.031Z] <<< HTTP RESPONSE 200
[debug] [2018-04-12T23:44:32.046Z] >>> HTTP REQUEST GET https://admin.firebase.com/v1/database/etherwatch-1659d/tokens  
  
 Thu Apr 12 2018 17:44:32 GMT-0600 (Mountain Daylight Time)
[debug] [2018-04-12T23:44:32.417Z] <<< HTTP RESPONSE 200
[debug] [2018-04-12T23:44:32.433Z] >>> HTTP REQUEST GET https://cloudresourcemanager.googleapis.com/v1/projects/etherwatch-1659d  
  
 Thu Apr 12 2018 17:44:32 GMT-0600 (Mountain Daylight Time)
[debug] [2018-04-12T23:44:32.840Z] <<< HTTP RESPONSE 200
[info] 
[info] === Serving from 'C:\Users\ewhee\Documents\GitHub\personal_projects\etherwatch'...
[info] 
[debug] [2018-04-12T23:44:32.856Z] >>> HTTP REQUEST GET https://mobilesdk-pa.googleapis.com/v1/projects/595784562003/clients/_:getWebAppConfig  
  
 Thu Apr 12 2018 17:44:32 GMT-0600 (Mountain Daylight Time)
[debug] [2018-04-12T23:44:33.381Z] <<< HTTP RESPONSE 200
[info] i  hosting: Serving hosting files from: public
[info] +  hosting: Local server: http://localhost:5000

[debug] [2018-04-18T19:26:35.985Z] ----------------------------------------------------------------------
[debug] [2018-04-18T19:26:35.985Z] Command:       C:\Program Files\nodejs\node.exe C:\Users\ewhee\AppData\Roaming\npm\node_modules\firebase-tools\bin\firebase serve
[debug] [2018-04-18T19:26:35.987Z] CLI Version:   3.18.4
[debug] [2018-04-18T19:26:35.987Z] Platform:      win32
[debug] [2018-04-18T19:26:35.987Z] Node Version:  v8.9.3
[debug] [2018-04-18T19:26:35.987Z] Time:          Wed Apr 18 2018 13:26:35 GMT-0600 (Mountain Daylight Time)
[debug] [2018-04-18T19:26:35.987Z] ----------------------------------------------------------------------
[debug] 
[debug] [2018-04-18T19:26:36.007Z] > command requires scopes: ["email","openid","https://www.googleapis.com/auth/cloudplatformprojects.readonly","https://www.googleapis.com/auth/firebase","https://www.googleapis.com/auth/cloud-platform"]
[debug] [2018-04-18T19:26:36.008Z] > authorizing via signed-in user
[debug] [2018-04-18T19:26:36.011Z] > refreshing access token with scopes: ["email","https://www.googleapis.com/auth/cloud-platform","https://www.googleapis.com/auth/cloudplatformprojects.readonly","https://www.googleapis.com/auth/firebase","openid"]
[debug] [2018-04-18T19:26:36.011Z] >>> HTTP REQUEST POST https://www.googleapis.com/oauth2/v3/token  
 { refresh_token: '1/FvPfhERZbTrZbaQG99P2riPhXbEZMkiFHhopbzCo4qXW3qfb3LlcghrcBX2gshby',
  client_id: '563584335869-fgrhgmd47bqnekij5i8b5pr03ho849e6.apps.googleusercontent.com',
  client_secret: 'j9iVZfS8kkCEFUPaAeJV0sAi',
  grant_type: 'refresh_token',
  scope: 'email https://www.googleapis.com/auth/cloud-platform https://www.googleapis.com/auth/cloudplatformprojects.readonly https://www.googleapis.com/auth/firebase openid' } 
 Wed Apr 18 2018 13:26:36 GMT-0600 (Mountain Daylight Time)
[debug] [2018-04-18T19:26:36.625Z] <<< HTTP RESPONSE 200
[debug] [2018-04-18T19:26:36.635Z] >>> HTTP REQUEST GET https://admin.firebase.com/v1/projects/etherwatch-1659d  
  
 Wed Apr 18 2018 13:26:36 GMT-0600 (Mountain Daylight Time)
[debug] [2018-04-18T19:26:37.205Z] <<< HTTP RESPONSE 200
[debug] [2018-04-18T19:26:37.205Z] >>> HTTP REQUEST GET https://admin.firebase.com/v1/database/etherwatch-1659d/tokens  
  
 Wed Apr 18 2018 13:26:37 GMT-0600 (Mountain Daylight Time)
[debug] [2018-04-18T19:26:37.860Z] <<< HTTP RESPONSE 200
[debug] [2018-04-18T19:26:37.861Z] >>> HTTP REQUEST GET https://cloudresourcemanager.googleapis.com/v1/projects/etherwatch-1659d  
  
 Wed Apr 18 2018 13:26:37 GMT-0600 (Mountain Daylight Time)
[debug] [2018-04-18T19:26:38.477Z] <<< HTTP RESPONSE 200
[info] 
[info] === Serving from 'C:\Users\ewhee\Documents\GitHub\personal_projects\etherwatch'...
[info] 
[debug] [2018-04-18T19:26:38.485Z] >>> HTTP REQUEST GET https://mobilesdk-pa.googleapis.com/v1/projects/595784562003/clients/_:getWebAppConfig  
  
 Wed Apr 18 2018 13:26:38 GMT-0600 (Mountain Daylight Time)
[debug] [2018-04-18T19:26:39.077Z] <<< HTTP RESPONSE 200
[info] i  hosting: Serving hosting files from: public
[info] +  hosting: Local server: http://localhost:5000

